<?xml version="1.0" encoding="UTF-8"?>
<testng-results ignored="0" total="6" passed="6" failed="0" skipped="0">
  <reporter-output>
  </reporter-output>
  <suite started-at="2024-01-01T20:30:26 IST" name="SmokeRun" finished-at="2024-01-01T20:31:38 IST" duration-ms="72164">
    <groups>
    </groups>
    <test started-at="2024-01-01T20:30:26 IST" name="SecondTest" finished-at="2024-01-01T20:31:36 IST" duration-ms="69757">
      <class name="com.sevenmartsupermarket.tests.PushNotificationTest">
        <test-method is-config="true" signature="launchBrowser()[pri:0, instance:com.sevenmartsupermarket.tests.PushNotificationTest@7857fe2]" started-at="2024-01-01T20:30:26 IST" name="launchBrowser" finished-at="2024-01-01T20:31:25 IST" duration-ms="58547" status="PASS">
          <reporter-output>
          </reporter-output>
        </test-method> <!-- launchBrowser -->
        <test-method signature="verifyPushNotification_AlertMessage()[pri:0, instance:com.sevenmartsupermarket.tests.PushNotificationTest@7857fe2]" started-at="2024-01-01T20:31:25 IST" name="verifyPushNotification_AlertMessage" finished-at="2024-01-01T20:31:25 IST" duration-ms="394" status="PASS">
          <reporter-output>
          </reporter-output>
        </test-method> <!-- verifyPushNotification_AlertMessage -->
        <test-method is-config="true" signature="terminateSession(org.testng.ITestResult)[pri:0, instance:com.sevenmartsupermarket.tests.PushNotificationTest@7857fe2]" started-at="2024-01-01T20:31:25 IST" name="terminateSession" finished-at="2024-01-01T20:31:25 IST" duration-ms="3" status="PASS">
          <params>
            <param index="0">
              <value>
                <![CDATA[[TestResult name=verifyPushNotification_AlertMessage status=SUCCESS method=PushNotificationTest.verifyPushNotification_AlertMessage()[pri:0, instance:com.sevenmartsupermarket.tests.PushNotificationTest@7857fe2] output={null}]]]>
              </value>
            </param>
          </params>
          <reporter-output>
          </reporter-output>
        </test-method> <!-- terminateSession -->
        <test-method is-config="true" signature="launchBrowser()[pri:0, instance:com.sevenmartsupermarket.tests.PushNotificationTest@7857fe2]" started-at="2024-01-01T20:31:25 IST" name="launchBrowser" finished-at="2024-01-01T20:31:32 IST" duration-ms="7041" status="PASS">
          <reporter-output>
          </reporter-output>
        </test-method> <!-- launchBrowser -->
        <test-method signature="verify_Alert()[pri:0, instance:com.sevenmartsupermarket.tests.PushNotificationTest@7857fe2]" started-at="2024-01-01T20:31:32 IST" name="verify_Alert" finished-at="2024-01-01T20:31:36 IST" duration-ms="3669" status="PASS">
          <reporter-output>
          </reporter-output>
        </test-method> <!-- verify_Alert -->
        <test-method is-config="true" signature="terminateSession(org.testng.ITestResult)[pri:0, instance:com.sevenmartsupermarket.tests.PushNotificationTest@7857fe2]" started-at="2024-01-01T20:31:36 IST" name="terminateSession" finished-at="2024-01-01T20:31:36 IST" duration-ms="1" status="PASS">
          <params>
            <param index="0">
              <value>
                <![CDATA[[TestResult name=verify_Alert status=SUCCESS method=PushNotificationTest.verify_Alert()[pri:0, instance:com.sevenmartsupermarket.tests.PushNotificationTest@7857fe2] output={null}]]]>
              </value>
            </param>
          </params>
          <reporter-output>
          </reporter-output>
        </test-method> <!-- terminateSession -->
      </class> <!-- com.sevenmartsupermarket.tests.PushNotificationTest -->
    </test> <!-- SecondTest -->
    <test started-at="2024-01-01T20:30:26 IST" name="FirstTest" finished-at="2024-01-01T20:31:38 IST" duration-ms="72164">
      <class name="com.sevenmartsupermarket.tests.PushNotificationTest">
        <test-method is-config="true" signature="launchBrowser()[pri:0, instance:com.sevenmartsupermarket.tests.PushNotificationTest@2de56eb2]" started-at="2024-01-01T20:31:19 IST" name="launchBrowser" finished-at="2024-01-01T20:31:24 IST" duration-ms="4801" status="PASS">
          <reporter-output>
          </reporter-output>
        </test-method> <!-- launchBrowser -->
        <test-method signature="verifyPushNotification_AlertMessage()[pri:0, instance:com.sevenmartsupermarket.tests.PushNotificationTest@2de56eb2]" started-at="2024-01-01T20:31:24 IST" name="verifyPushNotification_AlertMessage" finished-at="2024-01-01T20:31:25 IST" duration-ms="1220" status="PASS">
          <reporter-output>
          </reporter-output>
        </test-method> <!-- verifyPushNotification_AlertMessage -->
        <test-method is-config="true" signature="terminateSession(org.testng.ITestResult)[pri:0, instance:com.sevenmartsupermarket.tests.PushNotificationTest@2de56eb2]" started-at="2024-01-01T20:31:25 IST" name="terminateSession" finished-at="2024-01-01T20:31:25 IST" duration-ms="0" status="PASS">
          <params>
            <param index="0">
              <value>
                <![CDATA[[TestResult name=verifyPushNotification_AlertMessage status=SUCCESS method=PushNotificationTest.verifyPushNotification_AlertMessage()[pri:0, instance:com.sevenmartsupermarket.tests.PushNotificationTest@2de56eb2] output={null}]]]>
              </value>
            </param>
          </params>
          <reporter-output>
          </reporter-output>
        </test-method> <!-- terminateSession -->
        <test-method is-config="true" signature="launchBrowser()[pri:0, instance:com.sevenmartsupermarket.tests.PushNotificationTest@2de56eb2]" started-at="2024-01-01T20:31:25 IST" name="launchBrowser" finished-at="2024-01-01T20:31:35 IST" duration-ms="9920" status="PASS">
          <reporter-output>
          </reporter-output>
        </test-method> <!-- launchBrowser -->
        <test-method signature="verify_Alert()[pri:0, instance:com.sevenmartsupermarket.tests.PushNotificationTest@2de56eb2]" started-at="2024-01-01T20:31:35 IST" name="verify_Alert" finished-at="2024-01-01T20:31:38 IST" duration-ms="3202" status="PASS">
          <reporter-output>
          </reporter-output>
        </test-method> <!-- verify_Alert -->
        <test-method is-config="true" signature="terminateSession(org.testng.ITestResult)[pri:0, instance:com.sevenmartsupermarket.tests.PushNotificationTest@2de56eb2]" started-at="2024-01-01T20:31:38 IST" name="terminateSession" finished-at="2024-01-01T20:31:38 IST" duration-ms="1" status="PASS">
          <params>
            <param index="0">
              <value>
                <![CDATA[[TestResult name=verify_Alert status=SUCCESS method=PushNotificationTest.verify_Alert()[pri:0, instance:com.sevenmartsupermarket.tests.PushNotificationTest@2de56eb2] output={null}]]]>
              </value>
            </param>
          </params>
          <reporter-output>
          </reporter-output>
        </test-method> <!-- terminateSession -->
      </class> <!-- com.sevenmartsupermarket.tests.PushNotificationTest -->
      <class name="com.sevenmartsupermarket.tests.LoginTest">
        <test-method is-config="true" signature="launchBrowser()[pri:0, instance:com.sevenmartsupermarket.tests.LoginTest@17fc391b]" started-at="2024-01-01T20:30:26 IST" name="launchBrowser" finished-at="2024-01-01T20:31:10 IST" duration-ms="43635" status="PASS">
          <reporter-output>
          </reporter-output>
        </test-method> <!-- launchBrowser -->
        <test-method signature="verifyLogin()[pri:0, instance:com.sevenmartsupermarket.tests.LoginTest@17fc391b]" started-at="2024-01-01T20:31:10 IST" name="verifyLogin" finished-at="2024-01-01T20:31:11 IST" duration-ms="1668" status="PASS">
          <reporter-output>
          </reporter-output>
        </test-method> <!-- verifyLogin -->
        <test-method is-config="true" signature="terminateSession(org.testng.ITestResult)[pri:0, instance:com.sevenmartsupermarket.tests.LoginTest@17fc391b]" started-at="2024-01-01T20:31:11 IST" name="terminateSession" finished-at="2024-01-01T20:31:11 IST" duration-ms="7" status="PASS">
          <params>
            <param index="0">
              <value>
                <![CDATA[[TestResult name=verifyLogin status=SUCCESS method=LoginTest.verifyLogin()[pri:0, instance:com.sevenmartsupermarket.tests.LoginTest@17fc391b] output={null}]]]>
              </value>
            </param>
          </params>
          <reporter-output>
          </reporter-output>
        </test-method> <!-- terminateSession -->
        <test-method is-config="true" signature="launchBrowser()[pri:0, instance:com.sevenmartsupermarket.tests.LoginTest@17fc391b]" started-at="2024-01-01T20:31:11 IST" name="launchBrowser" finished-at="2024-01-01T20:31:18 IST" duration-ms="6690" status="PASS">
          <reporter-output>
          </reporter-output>
        </test-method> <!-- launchBrowser -->
        <test-method signature="verify_InvalidLogin_ErrorMessage()[pri:0, instance:com.sevenmartsupermarket.tests.LoginTest@17fc391b]" started-at="2024-01-01T20:31:18 IST" name="verify_InvalidLogin_ErrorMessage" finished-at="2024-01-01T20:31:19 IST" duration-ms="902" status="PASS">
          <reporter-output>
          </reporter-output>
        </test-method> <!-- verify_InvalidLogin_ErrorMessage -->
        <test-method is-config="true" signature="terminateSession(org.testng.ITestResult)[pri:0, instance:com.sevenmartsupermarket.tests.LoginTest@17fc391b]" started-at="2024-01-01T20:31:19 IST" name="terminateSession" finished-at="2024-01-01T20:31:19 IST" duration-ms="1" status="PASS">
          <params>
            <param index="0">
              <value>
                <![CDATA[[TestResult name=verify_InvalidLogin_ErrorMessage status=SUCCESS method=LoginTest.verify_InvalidLogin_ErrorMessage()[pri:0, instance:com.sevenmartsupermarket.tests.LoginTest@17fc391b] output={null}]]]>
              </value>
            </param>
          </params>
          <reporter-output>
          </reporter-output>
        </test-method> <!-- terminateSession -->
      </class> <!-- com.sevenmartsupermarket.tests.LoginTest -->
    </test> <!-- FirstTest -->
  </suite> <!-- SmokeRun -->
</testng-results>
