<?xml version="1.0" encoding="UTF-8"?>
<!-- Generated by org.testng.reporters.JUnitXMLReporter -->
<testsuite ignored="1" hostname="anjuuu" failures="0" tests="1" name="SmokeRun" time="44.145" errors="0" timestamp="2023-12-29T08:42:25 IST">
  <testcase classname="com.sevenmartsupermarket.tests.LoginTest" name="verifyLogin" time="1.802"/>
  <testcase classname="com.sevenmartsupermarket.tests.LoginTest" name="verify_InvalidLogin_ErrorMessage" time="0.0">
    <ignored/>
  </testcase> <!-- verify_InvalidLogin_ErrorMessage -->
</testsuite> <!-- SmokeRun -->
