<?xml version="1.0" encoding="UTF-8"?>
<!-- Generated by org.testng.reporters.JUnitXMLReporter -->
<testsuite ignored="0" hostname="anjuuu" failures="0" tests="4" name="FirstTest" time="72.164" errors="0" timestamp="2024-01-01T20:31:38 IST">
  <testcase classname="com.sevenmartsupermarket.tests.LoginTest" name="verifyLogin" time="1.668"/>
  <testcase classname="com.sevenmartsupermarket.tests.LoginTest" name="verify_InvalidLogin_ErrorMessage" time="0.902"/>
  <testcase classname="com.sevenmartsupermarket.tests.PushNotificationTest" name="verifyPushNotification_AlertMessage" time="1.22"/>
  <testcase classname="com.sevenmartsupermarket.tests.PushNotificationTest" name="verify_Alert" time="3.202"/>
</testsuite> <!-- FirstTest -->
