<?xml version="1.0" encoding="UTF-8"?>
<!-- Generated by org.testng.reporters.JUnitXMLReporter -->
<testsuite ignored="0" hostname="anjuuu" failures="0" tests="2" name="SecondTest" time="69.757" errors="0" timestamp="2024-01-01T20:31:36 IST">
  <testcase classname="com.sevenmartsupermarket.tests.PushNotificationTest" name="verifyPushNotification_AlertMessage" time="0.394"/>
  <testcase classname="com.sevenmartsupermarket.tests.PushNotificationTest" name="verify_Alert" time="3.669"/>
</testsuite> <!-- SecondTest -->
