<?xml version="1.0" encoding="UTF-8"?>
<!-- Generated by org.testng.reporters.JUnitXMLReporter -->
<testsuite ignored="2" hostname="anjuuu" failures="0" tests="1" name="Default test" time="11.582" errors="0" timestamp="2023-12-30T22:46:30 IST">
  <testcase classname="com.sevenmartsupermarket.tests.ManageDeliveryBoyTest" name="add_NewDeliveryBoy" time="5.365"/>
  <testcase classname="com.sevenmartsupermarket.tests.ManageDeliveryBoyTest" name="verify_NamesOfDeliveryBoy" time="0.0">
    <ignored/>
  </testcase> <!-- verify_NamesOfDeliveryBoy -->
  <testcase classname="com.sevenmartsupermarket.tests.ManageDeliveryBoyTest" name="newDeliveryBoy" time="0.0">
    <ignored/>
  </testcase> <!-- newDeliveryBoy -->
</testsuite> <!-- Default test -->
